[2014-01-04 12:53:31] START
[2014-01-04 13:03:44] DELETE log/views/appadmin.html: -253
[2014-01-04 13:03:49] DELETE log/views/generic.ics: -2
[2014-01-04 13:04:24] DELETE log/languages/cs.py: -479
[2014-01-04 13:04:28] DELETE log/languages/default.py: -121
[2014-01-04 13:04:32] DELETE log/languages/es.py: -385
[2014-01-04 13:04:36] DELETE log/languages/fr.py: -189
[2014-01-04 13:04:40] DELETE log/languages/fr-ca.py: -194
[2014-01-04 13:04:44] DELETE log/languages/hi.py: -148
[2014-01-04 13:04:47] DELETE log/languages/hu.py: -161
[2014-01-04 13:04:51] DELETE log/languages/id.py: -271
[2014-01-04 13:04:54] DELETE log/languages/it.py: -248
[2014-01-04 13:04:58] DELETE log/languages/my.py: -216
[2014-01-04 13:05:01] DELETE log/languages/nl.py: -375
[2014-01-04 13:05:05] DELETE log/languages/pl.py: -170
[2014-01-04 13:05:08] DELETE log/languages/pt.py: -183
[2014-01-04 13:05:11] DELETE log/languages/pt-br.py: -169
[2014-01-04 13:05:15] DELETE log/languages/ro.py: -372
[2014-01-04 13:05:18] DELETE log/languages/ru.py: -194
[2014-01-04 13:05:21] DELETE log/languages/sk.py: -170
[2014-01-04 13:05:25] DELETE log/languages/tr.py: -128
[2014-01-04 13:05:28] DELETE log/languages/uk.py: -226
[2014-01-04 13:05:32] DELETE log/languages/zh.py: -230
[2014-01-04 13:05:35] DELETE log/languages/zh-cn.py: -243
[2014-01-04 13:05:38] DELETE log/languages/zh-tw.py: -243
[2014-01-04 13:06:46] CREATE parser.html: 0
[2014-01-04 13:07:38] EDIT log/views/parser.html: 6
[2014-01-04 13:11:27] EDIT log/views/parser.html: 2
[2014-01-04 13:12:55] EDIT log/controllers/default.py: -39
[2014-01-04 14:10:47] EDIT log/models/menu.py: 0
[2014-01-04 14:14:01] EDIT log/models/menu.py: 0
